{"/Users/ikram/budget-tracker/server/controllers/onboardingController.js": {"path":"/Users/ikram/budget-tracker/server/controllers/onboardingController.js","statementMap":{"0":{"start":{"line":1,"column":29},"end":{"line":1,"column":57}},"1":{"start":{"line":2,"column":26},"end":{"line":2,"column":66}},"2":{"start":{"line":3,"column":33},"end":{"line":3,"column":63}},"3":{"start":{"line":7,"column":4},"end":{"line":36,"column":5}},"4":{"start":{"line":8,"column":21},"end":{"line":8,"column":42}},"5":{"start":{"line":9,"column":6},"end":{"line":18,"column":7}},"6":{"start":{"line":10,"column":8},"end":{"line":17,"column":11}},"7":{"start":{"line":20,"column":25},"end":{"line":20,"column":33}},"8":{"start":{"line":21,"column":21},"end":{"line":21,"column":68}},"9":{"start":{"line":23,"column":6},"end":{"line":26,"column":9}},"10":{"start":{"line":28,"column":6},"end":{"line":28,"column":57}},"11":{"start":{"line":29,"column":6},"end":{"line":35,"column":9}},"12":{"start":{"line":40,"column":4},"end":{"line":67,"column":5}},"13":{"start":{"line":41,"column":28},"end":{"line":41,"column":38}},"14":{"start":{"line":42,"column":22},"end":{"line":42,"column":67}},"15":{"start":{"line":44,"column":6},"end":{"line":52,"column":7}},"16":{"start":{"line":45,"column":8},"end":{"line":51,"column":11}},"17":{"start":{"line":54,"column":6},"end":{"line":57,"column":9}},"18":{"start":{"line":59,"column":6},"end":{"line":59,"column":68}},"19":{"start":{"line":60,"column":6},"end":{"line":66,"column":9}},"20":{"start":{"line":71,"column":4},"end":{"line":109,"column":5}},"21":{"start":{"line":72,"column":21},"end":{"line":72,"column":42}},"22":{"start":{"line":73,"column":6},"end":{"line":82,"column":7}},"23":{"start":{"line":74,"column":8},"end":{"line":81,"column":11}},"24":{"start":{"line":84,"column":28},"end":{"line":84,"column":38}},"25":{"start":{"line":85,"column":25},"end":{"line":85,"column":33}},"26":{"start":{"line":87,"column":21},"end":{"line":87,"column":80}},"27":{"start":{"line":89,"column":6},"end":{"line":94,"column":7}},"28":{"start":{"line":90,"column":8},"end":{"line":93,"column":11}},"29":{"start":{"line":96,"column":6},"end":{"line":99,"column":9}},"30":{"start":{"line":101,"column":6},"end":{"line":101,"column":53}},"31":{"start":{"line":102,"column":6},"end":{"line":108,"column":9}},"32":{"start":{"line":113,"column":4},"end":{"line":137,"column":5}},"33":{"start":{"line":114,"column":28},"end":{"line":114,"column":38}},"34":{"start":{"line":115,"column":21},"end":{"line":115,"column":74}},"35":{"start":{"line":117,"column":6},"end":{"line":122,"column":7}},"36":{"start":{"line":118,"column":8},"end":{"line":121,"column":11}},"37":{"start":{"line":124,"column":6},"end":{"line":127,"column":9}},"38":{"start":{"line":129,"column":6},"end":{"line":129,"column":59}},"39":{"start":{"line":130,"column":6},"end":{"line":136,"column":9}},"40":{"start":{"line":141,"column":4},"end":{"line":157,"column":5}},"41":{"start":{"line":142,"column":25},"end":{"line":142,"column":58}},"42":{"start":{"line":144,"column":6},"end":{"line":147,"column":9}},"43":{"start":{"line":149,"column":6},"end":{"line":149,"column":56}},"44":{"start":{"line":150,"column":6},"end":{"line":156,"column":9}},"45":{"start":{"line":161,"column":4},"end":{"line":185,"column":5}},"46":{"start":{"line":162,"column":28},"end":{"line":162,"column":38}},"47":{"start":{"line":163,"column":21},"end":{"line":163,"column":71}},"48":{"start":{"line":165,"column":6},"end":{"line":170,"column":7}},"49":{"start":{"line":166,"column":8},"end":{"line":169,"column":11}},"50":{"start":{"line":172,"column":6},"end":{"line":175,"column":9}},"51":{"start":{"line":177,"column":6},"end":{"line":177,"column":58}},"52":{"start":{"line":178,"column":6},"end":{"line":184,"column":9}},"53":{"start":{"line":189,"column":0},"end":{"line":189,"column":44}}},"fnMap":{"0":{"name":"(anonymous_0)","decl":{"start":{"line":6,"column":2},"end":{"line":6,"column":3}},"loc":{"start":{"line":6,"column":34},"end":{"line":37,"column":3}},"line":6},"1":{"name":"(anonymous_1)","decl":{"start":{"line":39,"column":2},"end":{"line":39,"column":3}},"loc":{"start":{"line":39,"column":30},"end":{"line":68,"column":3}},"line":39},"2":{"name":"(anonymous_2)","decl":{"start":{"line":70,"column":2},"end":{"line":70,"column":3}},"loc":{"start":{"line":70,"column":31},"end":{"line":110,"column":3}},"line":70},"3":{"name":"(anonymous_3)","decl":{"start":{"line":112,"column":2},"end":{"line":112,"column":3}},"loc":{"start":{"line":112,"column":37},"end":{"line":138,"column":3}},"line":112},"4":{"name":"(anonymous_4)","decl":{"start":{"line":140,"column":2},"end":{"line":140,"column":3}},"loc":{"start":{"line":140,"column":32},"end":{"line":158,"column":3}},"line":140},"5":{"name":"(anonymous_5)","decl":{"start":{"line":160,"column":2},"end":{"line":160,"column":3}},"loc":{"start":{"line":160,"column":34},"end":{"line":186,"column":3}},"line":160}},"branchMap":{"0":{"loc":{"start":{"line":9,"column":6},"end":{"line":18,"column":7}},"type":"if","locations":[{"start":{"line":9,"column":6},"end":{"line":18,"column":7}},{"start":{},"end":{}}],"line":9},"1":{"loc":{"start":{"line":44,"column":6},"end":{"line":52,"column":7}},"type":"if","locations":[{"start":{"line":44,"column":6},"end":{"line":52,"column":7}},{"start":{},"end":{}}],"line":44},"2":{"loc":{"start":{"line":73,"column":6},"end":{"line":82,"column":7}},"type":"if","locations":[{"start":{"line":73,"column":6},"end":{"line":82,"column":7}},{"start":{},"end":{}}],"line":73},"3":{"loc":{"start":{"line":89,"column":6},"end":{"line":94,"column":7}},"type":"if","locations":[{"start":{"line":89,"column":6},"end":{"line":94,"column":7}},{"start":{},"end":{}}],"line":89},"4":{"loc":{"start":{"line":90,"column":26},"end":{"line":90,"column":50}},"type":"binary-expr","locations":[{"start":{"line":90,"column":26},"end":{"line":90,"column":43}},{"start":{"line":90,"column":47},"end":{"line":90,"column":50}}],"line":90},"5":{"loc":{"start":{"line":117,"column":6},"end":{"line":122,"column":7}},"type":"if","locations":[{"start":{"line":117,"column":6},"end":{"line":122,"column":7}},{"start":{},"end":{}}],"line":117},"6":{"loc":{"start":{"line":118,"column":26},"end":{"line":118,"column":50}},"type":"binary-expr","locations":[{"start":{"line":118,"column":26},"end":{"line":118,"column":43}},{"start":{"line":118,"column":47},"end":{"line":118,"column":50}}],"line":118},"7":{"loc":{"start":{"line":165,"column":6},"end":{"line":170,"column":7}},"type":"if","locations":[{"start":{"line":165,"column":6},"end":{"line":170,"column":7}},{"start":{},"end":{}}],"line":165},"8":{"loc":{"start":{"line":166,"column":26},"end":{"line":166,"column":50}},"type":"binary-expr","locations":[{"start":{"line":166,"column":26},"end":{"line":166,"column":43}},{"start":{"line":166,"column":47},"end":{"line":166,"column":50}}],"line":166}},"s":{"0":1,"1":1,"2":1,"3":3,"4":3,"5":3,"6":1,"7":2,"8":2,"9":1,"10":1,"11":1,"12":3,"13":3,"14":3,"15":2,"16":1,"17":1,"18":1,"19":1,"20":3,"21":3,"22":3,"23":1,"24":2,"25":2,"26":2,"27":2,"28":1,"29":1,"30":0,"31":0,"32":2,"33":2,"34":2,"35":2,"36":1,"37":1,"38":0,"39":0,"40":2,"41":2,"42":1,"43":1,"44":1,"45":2,"46":2,"47":2,"48":2,"49":1,"50":1,"51":0,"52":0,"53":1},"f":{"0":3,"1":3,"2":3,"3":2,"4":2,"5":2},"b":{"0":[1,2],"1":[1,1],"2":[1,2],"3":[1,1],"4":[1,0],"5":[1,1],"6":[1,0],"7":[1,1],"8":[1,0]},"_coverageSchema":"1a1c01bbd47fc00a2c39e90264f33305004495a9","hash":"b3249aefecabb9e137aaf23fcbef65b3c3991f12"}
,"/Users/ikram/budget-tracker/server/services/onboardingService.js": {"path":"/Users/ikram/budget-tracker/server/services/onboardingService.js","statementMap":{"0":{"start":{"line":1,"column":23},"end":{"line":1,"column":38}},"1":{"start":{"line":2,"column":65},"end":{"line":2,"column":95}},"2":{"start":{"line":4,"column":27},"end":{"line":4,"column":36}},"3":{"start":{"line":8,"column":4},"end":{"line":28,"column":6}},"4":{"start":{"line":32,"column":24},"end":{"line":32,"column":42}},"5":{"start":{"line":35,"column":28},"end":{"line":36,"column":88}},"6":{"start":{"line":36,"column":23},"end":{"line":36,"column":87}},"7":{"start":{"line":38,"column":4},"end":{"line":45,"column":5}},"8":{"start":{"line":39,"column":6},"end":{"line":44,"column":8}},"9":{"start":{"line":47,"column":27},"end":{"line":47,"column":73}},"10":{"start":{"line":48,"column":4},"end":{"line":48,"column":69}},"11":{"start":{"line":50,"column":4},"end":{"line":55,"column":6}},"12":{"start":{"line":59,"column":4},"end":{"line":59,"column":45}},"13":{"start":{"line":63,"column":20},"end":{"line":63,"column":53}},"14":{"start":{"line":65,"column":4},"end":{"line":74,"column":5}},"15":{"start":{"line":66,"column":6},"end":{"line":73,"column":8}},"16":{"start":{"line":76,"column":4},"end":{"line":85,"column":5}},"17":{"start":{"line":77,"column":6},"end":{"line":84,"column":8}},"18":{"start":{"line":88,"column":4},"end":{"line":97,"column":5}},"19":{"start":{"line":89,"column":31},"end":{"line":89,"column":89}},"20":{"start":{"line":90,"column":6},"end":{"line":96,"column":7}},"21":{"start":{"line":91,"column":8},"end":{"line":95,"column":10}},"22":{"start":{"line":100,"column":27},"end":{"line":104,"column":5}},"23":{"start":{"line":106,"column":4},"end":{"line":106,"column":54}},"24":{"start":{"line":108,"column":4},"end":{"line":116,"column":6}},"25":{"start":{"line":120,"column":20},"end":{"line":120,"column":53}},"26":{"start":{"line":122,"column":4},"end":{"line":131,"column":5}},"27":{"start":{"line":123,"column":6},"end":{"line":130,"column":8}},"28":{"start":{"line":133,"column":4},"end":{"line":142,"column":5}},"29":{"start":{"line":134,"column":6},"end":{"line":141,"column":8}},"30":{"start":{"line":145,"column":29},"end":{"line":145,"column":73}},"31":{"start":{"line":146,"column":4},"end":{"line":152,"column":5}},"32":{"start":{"line":147,"column":6},"end":{"line":151,"column":8}},"33":{"start":{"line":155,"column":26},"end":{"line":155,"column":61}},"34":{"start":{"line":158,"column":29},"end":{"line":164,"column":5}},"35":{"start":{"line":166,"column":4},"end":{"line":166,"column":56}},"36":{"start":{"line":168,"column":4},"end":{"line":177,"column":6}},"37":{"start":{"line":181,"column":4},"end":{"line":190,"column":5}},"38":{"start":{"line":182,"column":6},"end":{"line":189,"column":8}},"39":{"start":{"line":192,"column":4},"end":{"line":192,"column":41}},"40":{"start":{"line":194,"column":4},"end":{"line":199,"column":6}},"41":{"start":{"line":203,"column":4},"end":{"line":208,"column":8}},"42":{"start":{"line":203,"column":49},"end":{"line":208,"column":5}},"43":{"start":{"line":212,"column":4},"end":{"line":212,"column":35}},"44":{"start":{"line":217,"column":4},"end":{"line":237,"column":5}},"45":{"start":{"line":218,"column":6},"end":{"line":226,"column":7}},"46":{"start":{"line":219,"column":8},"end":{"line":225,"column":10}},"47":{"start":{"line":228,"column":6},"end":{"line":236,"column":7}},"48":{"start":{"line":229,"column":8},"end":{"line":235,"column":10}},"49":{"start":{"line":239,"column":4},"end":{"line":239,"column":29}},"50":{"start":{"line":243,"column":27},"end":{"line":243,"column":64}},"51":{"start":{"line":245,"column":4},"end":{"line":255,"column":5}},"52":{"start":{"line":246,"column":6},"end":{"line":254,"column":7}},"53":{"start":{"line":247,"column":8},"end":{"line":253,"column":10}},"54":{"start":{"line":257,"column":4},"end":{"line":257,"column":29}},"55":{"start":{"line":261,"column":26},"end":{"line":263,"column":53}},"56":{"start":{"line":262,"column":23},"end":{"line":262,"column":35}},"57":{"start":{"line":263,"column":30},"end":{"line":263,"column":49}},"58":{"start":{"line":265,"column":26},"end":{"line":265,"column":63}},"59":{"start":{"line":266,"column":26},"end":{"line":266,"column":60}},"60":{"start":{"line":268,"column":28},"end":{"line":268,"column":30}},"61":{"start":{"line":271,"column":4},"end":{"line":278,"column":5}},"62":{"start":{"line":272,"column":6},"end":{"line":277,"column":7}},"63":{"start":{"line":273,"column":27},"end":{"line":273,"column":88}},"64":{"start":{"line":274,"column":8},"end":{"line":276,"column":9}},"65":{"start":{"line":275,"column":10},"end":{"line":275,"column":43}},"66":{"start":{"line":280,"column":4},"end":{"line":293,"column":6}},"67":{"start":{"line":297,"column":28},"end":{"line":313,"column":5}},"68":{"start":{"line":315,"column":16},"end":{"line":315,"column":41}},"69":{"start":{"line":316,"column":4},"end":{"line":324,"column":5}},"70":{"start":{"line":317,"column":6},"end":{"line":323,"column":8}},"71":{"start":{"line":326,"column":4},"end":{"line":326,"column":16}},"72":{"start":{"line":330,"column":25},"end":{"line":336,"column":5}},"73":{"start":{"line":338,"column":4},"end":{"line":338,"column":40}},"74":{"start":{"line":342,"column":18},"end":{"line":348,"column":5}},"75":{"start":{"line":350,"column":4},"end":{"line":350,"column":44}},"76":{"start":{"line":354,"column":0},"end":{"line":354,"column":41}}},"fnMap":{"0":{"name":"(anonymous_0)","decl":{"start":{"line":7,"column":2},"end":{"line":7,"column":3}},"loc":{"start":{"line":7,"column":39},"end":{"line":29,"column":3}},"line":7},"1":{"name":"(anonymous_1)","decl":{"start":{"line":31,"column":2},"end":{"line":31,"column":3}},"loc":{"start":{"line":31,"column":32},"end":{"line":56,"column":3}},"line":31},"2":{"name":"(anonymous_2)","decl":{"start":{"line":36,"column":12},"end":{"line":36,"column":13}},"loc":{"start":{"line":36,"column":23},"end":{"line":36,"column":87}},"line":36},"3":{"name":"(anonymous_3)","decl":{"start":{"line":58,"column":2},"end":{"line":58,"column":3}},"loc":{"start":{"line":58,"column":30},"end":{"line":60,"column":3}},"line":58},"4":{"name":"(anonymous_4)","decl":{"start":{"line":62,"column":2},"end":{"line":62,"column":3}},"loc":{"start":{"line":62,"column":44},"end":{"line":117,"column":3}},"line":62},"5":{"name":"(anonymous_5)","decl":{"start":{"line":119,"column":2},"end":{"line":119,"column":3}},"loc":{"start":{"line":119,"column":38},"end":{"line":178,"column":3}},"line":119},"6":{"name":"(anonymous_6)","decl":{"start":{"line":180,"column":2},"end":{"line":180,"column":3}},"loc":{"start":{"line":180,"column":35},"end":{"line":200,"column":3}},"line":180},"7":{"name":"(anonymous_7)","decl":{"start":{"line":202,"column":2},"end":{"line":202,"column":3}},"loc":{"start":{"line":202,"column":18},"end":{"line":209,"column":3}},"line":202},"8":{"name":"(anonymous_8)","decl":{"start":{"line":203,"column":36},"end":{"line":203,"column":37}},"loc":{"start":{"line":203,"column":49},"end":{"line":208,"column":5}},"line":203},"9":{"name":"(anonymous_9)","decl":{"start":{"line":211,"column":2},"end":{"line":211,"column":3}},"loc":{"start":{"line":211,"column":27},"end":{"line":213,"column":3}},"line":211},"10":{"name":"(anonymous_10)","decl":{"start":{"line":216,"column":2},"end":{"line":216,"column":3}},"loc":{"start":{"line":216,"column":45},"end":{"line":240,"column":3}},"line":216},"11":{"name":"(anonymous_11)","decl":{"start":{"line":242,"column":2},"end":{"line":242,"column":3}},"loc":{"start":{"line":242,"column":42},"end":{"line":258,"column":3}},"line":242},"12":{"name":"(anonymous_12)","decl":{"start":{"line":260,"column":2},"end":{"line":260,"column":3}},"loc":{"start":{"line":260,"column":33},"end":{"line":294,"column":3}},"line":260},"13":{"name":"(anonymous_13)","decl":{"start":{"line":262,"column":14},"end":{"line":262,"column":15}},"loc":{"start":{"line":262,"column":23},"end":{"line":262,"column":35}},"line":262},"14":{"name":"(anonymous_14)","decl":{"start":{"line":263,"column":14},"end":{"line":263,"column":15}},"loc":{"start":{"line":263,"column":30},"end":{"line":263,"column":49}},"line":263},"15":{"name":"(anonymous_15)","decl":{"start":{"line":296,"column":2},"end":{"line":296,"column":3}},"loc":{"start":{"line":296,"column":51},"end":{"line":327,"column":3}},"line":296},"16":{"name":"(anonymous_16)","decl":{"start":{"line":329,"column":2},"end":{"line":329,"column":3}},"loc":{"start":{"line":329,"column":35},"end":{"line":339,"column":3}},"line":329},"17":{"name":"(anonymous_17)","decl":{"start":{"line":341,"column":2},"end":{"line":341,"column":3}},"loc":{"start":{"line":341,"column":28},"end":{"line":351,"column":3}},"line":341}},"branchMap":{"0":{"loc":{"start":{"line":32,"column":24},"end":{"line":32,"column":42}},"type":"binary-expr","locations":[{"start":{"line":32,"column":24},"end":{"line":32,"column":30}},{"start":{"line":32,"column":34},"end":{"line":32,"column":42}}],"line":32},"1":{"loc":{"start":{"line":36,"column":23},"end":{"line":36,"column":87}},"type":"binary-expr","locations":[{"start":{"line":36,"column":23},"end":{"line":36,"column":53}},{"start":{"line":36,"column":57},"end":{"line":36,"column":87}}],"line":36},"2":{"loc":{"start":{"line":38,"column":4},"end":{"line":45,"column":5}},"type":"if","locations":[{"start":{"line":38,"column":4},"end":{"line":45,"column":5}},{"start":{},"end":{}}],"line":38},"3":{"loc":{"start":{"line":65,"column":4},"end":{"line":74,"column":5}},"type":"if","locations":[{"start":{"line":65,"column":4},"end":{"line":74,"column":5}},{"start":{},"end":{}}],"line":65},"4":{"loc":{"start":{"line":76,"column":4},"end":{"line":85,"column":5}},"type":"if","locations":[{"start":{"line":76,"column":4},"end":{"line":85,"column":5}},{"start":{},"end":{}}],"line":76},"5":{"loc":{"start":{"line":88,"column":4},"end":{"line":97,"column":5}},"type":"if","locations":[{"start":{"line":88,"column":4},"end":{"line":97,"column":5}},{"start":{},"end":{}}],"line":88},"6":{"loc":{"start":{"line":90,"column":6},"end":{"line":96,"column":7}},"type":"if","locations":[{"start":{"line":90,"column":6},"end":{"line":96,"column":7}},{"start":{},"end":{}}],"line":90},"7":{"loc":{"start":{"line":122,"column":4},"end":{"line":131,"column":5}},"type":"if","locations":[{"start":{"line":122,"column":4},"end":{"line":131,"column":5}},{"start":{},"end":{}}],"line":122},"8":{"loc":{"start":{"line":133,"column":4},"end":{"line":142,"column":5}},"type":"if","locations":[{"start":{"line":133,"column":4},"end":{"line":142,"column":5}},{"start":{},"end":{}}],"line":133},"9":{"loc":{"start":{"line":146,"column":4},"end":{"line":152,"column":5}},"type":"if","locations":[{"start":{"line":146,"column":4},"end":{"line":152,"column":5}},{"start":{},"end":{}}],"line":146},"10":{"loc":{"start":{"line":181,"column":4},"end":{"line":190,"column":5}},"type":"if","locations":[{"start":{"line":181,"column":4},"end":{"line":190,"column":5}},{"start":{},"end":{}}],"line":181},"11":{"loc":{"start":{"line":218,"column":6},"end":{"line":226,"column":7}},"type":"if","locations":[{"start":{"line":218,"column":6},"end":{"line":226,"column":7}},{"start":{},"end":{}}],"line":218},"12":{"loc":{"start":{"line":228,"column":6},"end":{"line":236,"column":7}},"type":"if","locations":[{"start":{"line":228,"column":6},"end":{"line":236,"column":7}},{"start":{},"end":{}}],"line":228},"13":{"loc":{"start":{"line":228,"column":10},"end":{"line":228,"column":61}},"type":"binary-expr","locations":[{"start":{"line":228,"column":10},"end":{"line":228,"column":22}},{"start":{"line":228,"column":27},"end":{"line":228,"column":39}},{"start":{"line":228,"column":43},"end":{"line":228,"column":60}}],"line":228},"14":{"loc":{"start":{"line":246,"column":6},"end":{"line":254,"column":7}},"type":"if","locations":[{"start":{"line":246,"column":6},"end":{"line":254,"column":7}},{"start":{},"end":{}}],"line":246},"15":{"loc":{"start":{"line":246,"column":10},"end":{"line":246,"column":50}},"type":"binary-expr","locations":[{"start":{"line":246,"column":10},"end":{"line":246,"column":25}},{"start":{"line":246,"column":29},"end":{"line":246,"column":50}}],"line":246},"16":{"loc":{"start":{"line":265,"column":26},"end":{"line":265,"column":63}},"type":"binary-expr","locations":[{"start":{"line":265,"column":26},"end":{"line":265,"column":58}},{"start":{"line":265,"column":62},"end":{"line":265,"column":63}}],"line":265},"17":{"loc":{"start":{"line":266,"column":26},"end":{"line":266,"column":60}},"type":"binary-expr","locations":[{"start":{"line":266,"column":26},"end":{"line":266,"column":55}},{"start":{"line":266,"column":59},"end":{"line":266,"column":60}}],"line":266},"18":{"loc":{"start":{"line":272,"column":6},"end":{"line":277,"column":7}},"type":"if","locations":[{"start":{"line":272,"column":6},"end":{"line":277,"column":7}},{"start":{},"end":{}}],"line":272},"19":{"loc":{"start":{"line":272,"column":10},"end":{"line":272,"column":38}},"type":"binary-expr","locations":[{"start":{"line":272,"column":10},"end":{"line":272,"column":16}},{"start":{"line":272,"column":20},"end":{"line":272,"column":38}}],"line":272},"20":{"loc":{"start":{"line":274,"column":8},"end":{"line":276,"column":9}},"type":"if","locations":[{"start":{"line":274,"column":8},"end":{"line":276,"column":9}},{"start":{},"end":{}}],"line":274},"21":{"loc":{"start":{"line":316,"column":4},"end":{"line":324,"column":5}},"type":"if","locations":[{"start":{"line":316,"column":4},"end":{"line":324,"column":5}},{"start":{},"end":{}}],"line":316},"22":{"loc":{"start":{"line":316,"column":8},"end":{"line":316,"column":37}},"type":"binary-expr","locations":[{"start":{"line":316,"column":8},"end":{"line":316,"column":11}},{"start":{"line":316,"column":15},"end":{"line":316,"column":37}}],"line":316},"23":{"loc":{"start":{"line":338,"column":11},"end":{"line":338,"column":39}},"type":"binary-expr","locations":[{"start":{"line":338,"column":11},"end":{"line":338,"column":33}},{"start":{"line":338,"column":37},"end":{"line":338,"column":39}}],"line":338},"24":{"loc":{"start":{"line":350,"column":11},"end":{"line":350,"column":43}},"type":"binary-expr","locations":[{"start":{"line":350,"column":11},"end":{"line":350,"column":26}},{"start":{"line":350,"column":30},"end":{"line":350,"column":43}}],"line":350}},"s":{"0":1,"1":1,"2":1,"3":0,"4":0,"5":0,"6":0,"7":0,"8":0,"9":0,"10":0,"11":0,"12":0,"13":0,"14":0,"15":0,"16":0,"17":0,"18":0,"19":0,"20":0,"21":0,"22":0,"23":0,"24":0,"25":0,"26":0,"27":0,"28":0,"29":0,"30":0,"31":0,"32":0,"33":0,"34":0,"35":0,"36":0,"37":0,"38":0,"39":0,"40":0,"41":0,"42":0,"43":0,"44":0,"45":0,"46":0,"47":0,"48":0,"49":0,"50":0,"51":0,"52":0,"53":0,"54":0,"55":0,"56":0,"57":0,"58":0,"59":0,"60":0,"61":0,"62":0,"63":0,"64":0,"65":0,"66":0,"67":0,"68":0,"69":0,"70":0,"71":0,"72":0,"73":0,"74":0,"75":0,"76":1},"f":{"0":0,"1":0,"2":0,"3":0,"4":0,"5":0,"6":0,"7":0,"8":0,"9":0,"10":0,"11":0,"12":0,"13":0,"14":0,"15":0,"16":0,"17":0},"b":{"0":[0,0],"1":[0,0],"2":[0,0],"3":[0,0],"4":[0,0],"5":[0,0],"6":[0,0],"7":[0,0],"8":[0,0],"9":[0,0],"10":[0,0],"11":[0,0],"12":[0,0],"13":[0,0,0],"14":[0,0],"15":[0,0],"16":[0,0],"17":[0,0],"18":[0,0],"19":[0,0],"20":[0,0],"21":[0,0],"22":[0,0],"23":[0,0],"24":[0,0]},"_coverageSchema":"1a1c01bbd47fc00a2c39e90264f33305004495a9","hash":"fdf58754c86653caee691ff4088a6ddd64e19c7a"}
,"/Users/ikram/budget-tracker/server/tests/fixtures/onboardingData.js": {"path":"/Users/ikram/budget-tracker/server/tests/fixtures/onboardingData.js","statementMap":{"0":{"start":{"line":1,"column":27},"end":{"line":82,"column":1}},"1":{"start":{"line":84,"column":0},"end":{"line":84,"column":36}}},"fnMap":{},"branchMap":{},"s":{"0":1,"1":1},"f":{},"b":{},"_coverageSchema":"1a1c01bbd47fc00a2c39e90264f33305004495a9","hash":"db6c72e12d5678a6e88e242947a15ce5fe98e327"}
,"/Users/ikram/budget-tracker/server/tests/mocks/constants.js": {"path":"/Users/ikram/budget-tracker/server/tests/mocks/constants.js","statementMap":{"0":{"start":{"line":1,"column":29},"end":{"line":7,"column":1}},"1":{"start":{"line":9,"column":0},"end":{"line":9,"column":42}}},"fnMap":{},"branchMap":{},"s":{"0":2,"1":2},"f":{},"b":{},"_coverageSchema":"1a1c01bbd47fc00a2c39e90264f33305004495a9","hash":"e69e5ee40cc2d4a059088326453bbacde678df52"}
}
