TN:
SF:server/controllers/onboardingController.js
FN:6,(anonymous_0)
FN:39,(anonymous_1)
FN:70,(anonymous_2)
FN:112,(anonymous_3)
FN:140,(anonymous_4)
FN:160,(anonymous_5)
FNF:6
FNH:6
FNDA:3,(anonymous_0)
FNDA:3,(anonymous_1)
FNDA:3,(anonymous_2)
FNDA:2,(anonymous_3)
FNDA:2,(anonymous_4)
FNDA:2,(anonymous_5)
DA:1,1
DA:2,1
DA:3,1
DA:7,3
DA:8,3
DA:9,3
DA:10,1
DA:20,2
DA:21,2
DA:23,1
DA:28,1
DA:29,1
DA:40,3
DA:41,3
DA:42,3
DA:44,2
DA:45,1
DA:54,1
DA:59,1
DA:60,1
DA:71,3
DA:72,3
DA:73,3
DA:74,1
DA:84,2
DA:85,2
DA:87,2
DA:89,2
DA:90,1
DA:96,1
DA:101,0
DA:102,0
DA:113,2
DA:114,2
DA:115,2
DA:117,2
DA:118,1
DA:124,1
DA:129,0
DA:130,0
DA:141,2
DA:142,2
DA:144,1
DA:149,1
DA:150,1
DA:161,2
DA:162,2
DA:163,2
DA:165,2
DA:166,1
DA:172,1
DA:177,0
DA:178,0
DA:189,1
LF:54
LH:48
BRDA:9,0,0,1
BRDA:9,0,1,2
BRDA:44,1,0,1
BRDA:44,1,1,1
BRDA:73,2,0,1
BRDA:73,2,1,2
BRDA:89,3,0,1
BRDA:89,3,1,1
BRDA:90,4,0,1
BRDA:90,4,1,0
BRDA:117,5,0,1
BRDA:117,5,1,1
BRDA:118,6,0,1
BRDA:118,6,1,0
BRDA:165,7,0,1
BRDA:165,7,1,1
BRDA:166,8,0,1
BRDA:166,8,1,0
BRF:18
BRH:15
end_of_record
TN:
SF:server/services/onboardingService.js
FN:7,(anonymous_0)
FN:31,(anonymous_1)
FN:36,(anonymous_2)
FN:58,(anonymous_3)
FN:62,(anonymous_4)
FN:119,(anonymous_5)
FN:180,(anonymous_6)
FN:202,(anonymous_7)
FN:203,(anonymous_8)
FN:211,(anonymous_9)
FN:216,(anonymous_10)
FN:242,(anonymous_11)
FN:260,(anonymous_12)
FN:262,(anonymous_13)
FN:263,(anonymous_14)
FN:296,(anonymous_15)
FN:329,(anonymous_16)
FN:341,(anonymous_17)
FNF:18
FNH:0
FNDA:0,(anonymous_0)
FNDA:0,(anonymous_1)
FNDA:0,(anonymous_2)
FNDA:0,(anonymous_3)
FNDA:0,(anonymous_4)
FNDA:0,(anonymous_5)
FNDA:0,(anonymous_6)
FNDA:0,(anonymous_7)
FNDA:0,(anonymous_8)
FNDA:0,(anonymous_9)
FNDA:0,(anonymous_10)
FNDA:0,(anonymous_11)
FNDA:0,(anonymous_12)
FNDA:0,(anonymous_13)
FNDA:0,(anonymous_14)
FNDA:0,(anonymous_15)
FNDA:0,(anonymous_16)
FNDA:0,(anonymous_17)
DA:1,1
DA:2,1
DA:4,1
DA:8,0
DA:32,0
DA:35,0
DA:36,0
DA:38,0
DA:39,0
DA:47,0
DA:48,0
DA:50,0
DA:59,0
DA:63,0
DA:65,0
DA:66,0
DA:76,0
DA:77,0
DA:88,0
DA:89,0
DA:90,0
DA:91,0
DA:100,0
DA:106,0
DA:108,0
DA:120,0
DA:122,0
DA:123,0
DA:133,0
DA:134,0
DA:145,0
DA:146,0
DA:147,0
DA:155,0
DA:158,0
DA:166,0
DA:168,0
DA:181,0
DA:182,0
DA:192,0
DA:194,0
DA:203,0
DA:212,0
DA:217,0
DA:218,0
DA:219,0
DA:228,0
DA:229,0
DA:239,0
DA:243,0
DA:245,0
DA:246,0
DA:247,0
DA:257,0
DA:261,0
DA:262,0
DA:263,0
DA:265,0
DA:266,0
DA:268,0
DA:271,0
DA:272,0
DA:273,0
DA:274,0
DA:275,0
DA:280,0
DA:297,0
DA:315,0
DA:316,0
DA:317,0
DA:326,0
DA:330,0
DA:338,0
DA:342,0
DA:350,0
DA:354,1
LF:76
LH:4
BRDA:32,0,0,0
BRDA:32,0,1,0
BRDA:36,1,0,0
BRDA:36,1,1,0
BRDA:38,2,0,0
BRDA:38,2,1,0
BRDA:65,3,0,0
BRDA:65,3,1,0
BRDA:76,4,0,0
BRDA:76,4,1,0
BRDA:88,5,0,0
BRDA:88,5,1,0
BRDA:90,6,0,0
BRDA:90,6,1,0
BRDA:122,7,0,0
BRDA:122,7,1,0
BRDA:133,8,0,0
BRDA:133,8,1,0
BRDA:146,9,0,0
BRDA:146,9,1,0
BRDA:181,10,0,0
BRDA:181,10,1,0
BRDA:218,11,0,0
BRDA:218,11,1,0
BRDA:228,12,0,0
BRDA:228,12,1,0
BRDA:228,13,0,0
BRDA:228,13,1,0
BRDA:228,13,2,0
BRDA:246,14,0,0
BRDA:246,14,1,0
BRDA:246,15,0,0
BRDA:246,15,1,0
BRDA:265,16,0,0
BRDA:265,16,1,0
BRDA:266,17,0,0
BRDA:266,17,1,0
BRDA:272,18,0,0
BRDA:272,18,1,0
BRDA:272,19,0,0
BRDA:272,19,1,0
BRDA:274,20,0,0
BRDA:274,20,1,0
BRDA:316,21,0,0
BRDA:316,21,1,0
BRDA:316,22,0,0
BRDA:316,22,1,0
BRDA:338,23,0,0
BRDA:338,23,1,0
BRDA:350,24,0,0
BRDA:350,24,1,0
BRF:51
BRH:0
end_of_record
TN:
SF:server/tests/fixtures/onboardingData.js
FNF:0
FNH:0
DA:1,1
DA:84,1
LF:2
LH:2
BRF:0
BRH:0
end_of_record
TN:
SF:server/tests/mocks/constants.js
FNF:0
FNH:0
DA:1,2
DA:9,2
LF:2
LH:2
BRF:0
BRH:0
end_of_record
